<?xml version="1.0" encoding="UTF-8"?>
<!-- Generated by org.testng.reporters.JUnitXMLReporter -->
<testsuite hostname="DESKTOP-7DIL52C" ignored="0" name="Default test" tests="1" failures="1" timestamp="2022-09-26T20:17:37 EDT" time="32.404" errors="0">
  <testcase name="runScenario" time="22.467" classname="io.cucumber.testng.AbstractTestNGCucumberTests">
    <failure type="java.lang.NullPointerException">
      <![CDATA[java.lang.NullPointerException
at ManageUserStepDefinitions.AddNewUserButtonStepDef.user_clicks_add_new_user_button(AddNewUserButtonStepDef.java:47)
at ✽.User clicks Add New User button(file:///C:/Testing_Projects/LMS_UI_Phase2_Hackathon/src/test/resources/features/ManageUserfeatures/AddNewUserButton.feature:5)
]]>
    </failure>
  </testcase> <!-- runScenario -->
</testsuite> <!-- Default test -->
