<?xml version="1.0" encoding="UTF-8"?>
<testng-results skipped="0" failed="0" ignored="0" total="1" passed="1">
  <reporter-output>
  </reporter-output>
  <suite name="Default suite" duration-ms="48596" started-at="2022-09-21T14:35:06 EDT" finished-at="2022-09-21T14:35:55 EDT">
    <groups>
      <group name="cucumber">
        <method signature="AbstractTestNGCucumberTests.runScenario(io.cucumber.testng.PickleWrapper,io.cucumber.testng.FeatureWrapper)[pri:0, instance:runner.TestRunner@62f87c44]" name="runScenario" class="io.cucumber.testng.AbstractTestNGCucumberTests"/>
      </group> <!-- cucumber -->
    </groups>
    <test name="Default test" duration-ms="48596" started-at="2022-09-21T14:35:06 EDT" finished-at="2022-09-21T14:35:55 EDT">
      <class name="runner.TestRunner">
        <test-method status="PASS" signature="setUpClass(org.testng.ITestContext)[pri:0, instance:runner.TestRunner@62f87c44]" name="setUpClass" is-config="true" duration-ms="2568" started-at="2022-09-21T14:35:06 EDT" finished-at="2022-09-21T14:35:09 EDT">
          <params>
            <param index="0">
              <value>
                <![CDATA[org.testng.TestRunner@683ed81b]]>
              </value>
            </param>
          </params>
          <reporter-output>
          </reporter-output>
        </test-method> <!-- setUpClass -->
        <test-method status="PASS" signature="runScenario(io.cucumber.testng.PickleWrapper,io.cucumber.testng.FeatureWrapper)[pri:0, instance:runner.TestRunner@62f87c44]" name="runScenario" duration-ms="44333" started-at="2022-09-21T14:35:09 EDT" description="Runs Cucumber Scenarios" data-provider="scenarios" finished-at="2022-09-21T14:35:53 EDT">
          <params>
            <param index="0">
              <value>
                <![CDATA["click Login button with valid username and password"]]>
              </value>
            </param>
            <param index="1">
              <value>
                <![CDATA["Optional[login Page (Slide 2)my feature file]"]]>
              </value>
            </param>
          </params>
          <reporter-output>
          </reporter-output>
        </test-method> <!-- runScenario -->
        <test-method status="PASS" signature="tearDownClass()[pri:0, instance:runner.TestRunner@62f87c44]" name="tearDownClass" is-config="true" duration-ms="928" started-at="2022-09-21T14:35:54 EDT" finished-at="2022-09-21T14:35:55 EDT">
          <reporter-output>
          </reporter-output>
        </test-method> <!-- tearDownClass -->
      </class> <!-- runner.TestRunner -->
    </test> <!-- Default test -->
  </suite> <!-- Default suite -->
</testng-results>
