<?xml version="1.0" encoding="UTF-8"?>
<testng-results skipped="0" failed="1" ignored="0" total="1" passed="0">
  <reporter-output>
  </reporter-output>
  <suite name="Default suite" duration-ms="32404" started-at="2022-09-26T20:17:04 EDT" finished-at="2022-09-26T20:17:37 EDT">
    <groups>
      <group name="cucumber">
        <method signature="AbstractTestNGCucumberTests.runScenario(io.cucumber.testng.PickleWrapper,io.cucumber.testng.FeatureWrapper)[pri:0, instance:runner.TestRunner@7a0e1b5e]" name="runScenario" class="io.cucumber.testng.AbstractTestNGCucumberTests"/>
      </group> <!-- cucumber -->
    </groups>
    <test name="Default test" duration-ms="32404" started-at="2022-09-26T20:17:04 EDT" finished-at="2022-09-26T20:17:37 EDT">
      <class name="runner.TestRunner">
        <test-method status="PASS" signature="setUpClass(org.testng.ITestContext)[pri:0, instance:runner.TestRunner@7a0e1b5e]" name="setUpClass" is-config="true" duration-ms="3623" started-at="2022-09-26T20:17:04 EDT" finished-at="2022-09-26T20:17:08 EDT">
          <params>
            <param index="0">
              <value>
                <![CDATA[org.testng.TestRunner@14d7a962]]>
              </value>
            </param>
          </params>
          <reporter-output>
          </reporter-output>
        </test-method> <!-- setUpClass -->
        <test-method status="FAIL" signature="runScenario(io.cucumber.testng.PickleWrapper,io.cucumber.testng.FeatureWrapper)[pri:0, instance:runner.TestRunner@7a0e1b5e]" name="runScenario" duration-ms="22467" started-at="2022-09-26T20:17:08 EDT" description="Runs Cucumber Scenarios" data-provider="scenarios" finished-at="2022-09-26T20:17:31 EDT">
          <params>
            <param index="0">
              <value>
                <![CDATA["Verify the presence of Add new user button"]]>
              </value>
            </param>
            <param index="1">
              <value>
                <![CDATA["Optional[Add New User button]"]]>
              </value>
            </param>
          </params>
          <exception class="java.lang.NullPointerException">
            <full-stacktrace>
              <![CDATA[java.lang.NullPointerException
at ManageUserStepDefinitions.AddNewUserButtonStepDef.user_clicks_add_new_user_button(AddNewUserButtonStepDef.java:47)
at ✽.User clicks Add New User button(file:///C:/Testing_Projects/LMS_UI_Phase2_Hackathon/src/test/resources/features/ManageUserfeatures/AddNewUserButton.feature:5)
]]>
            </full-stacktrace>
          </exception> <!-- java.lang.NullPointerException -->
          <reporter-output>
          </reporter-output>
        </test-method> <!-- runScenario -->
        <test-method status="PASS" signature="tearDownClass()[pri:0, instance:runner.TestRunner@7a0e1b5e]" name="tearDownClass" is-config="true" duration-ms="5883" started-at="2022-09-26T20:17:31 EDT" finished-at="2022-09-26T20:17:37 EDT">
          <reporter-output>
          </reporter-output>
        </test-method> <!-- tearDownClass -->
      </class> <!-- runner.TestRunner -->
    </test> <!-- Default test -->
  </suite> <!-- Default suite -->
</testng-results>
