<?xml version="1.0" encoding="UTF-8"?>
<!-- Generated by org.testng.reporters.JUnitReportReporter -->
<testsuite skipped="0" hostname="DESKTOP-7DIL52C" name="runner.TestRunner" tests="1" failures="0" timestamp="2022-09-26T20:17:37 EDT" time="22.467" errors="1">
  <testcase name="runScenario" time="22.467" classname="runner.TestRunner">
    <error type="java.lang.NullPointerException">
      <![CDATA[java.lang.NullPointerException
at ManageUserStepDefinitions.AddNewUserButtonStepDef.user_clicks_add_new_user_button(AddNewUserButtonStepDef.java:47)
at ✽.User clicks Add New User button(file:///C:/Testing_Projects/LMS_UI_Phase2_Hackathon/src/test/resources/features/ManageUserfeatures/AddNewUserButton.feature:5)
]]>
    </error>
  </testcase> <!-- runScenario -->
  <system-out/>
</testsuite> <!-- runner.TestRunner -->
